2021-09-01 10:08:53,824 ERROR: Exception on /static/images/ [GET] [/home/derek/Development/zara_consulting/apps/comececeme/venv/lib/python3.6/site-packages/flask/app.py:1892]
Traceback (most recent call last):
  File "/home/derek/Development/zara_consulting/apps/comececeme/venv/lib/python3.6/site-packages/flask/app.py", line 2447, in wsgi_app
    response = self.full_dispatch_request()
  File "/home/derek/Development/zara_consulting/apps/comececeme/venv/lib/python3.6/site-packages/flask/app.py", line 1953, in full_dispatch_request
    return self.finalize_request(rv)
  File "/home/derek/Development/zara_consulting/apps/comececeme/venv/lib/python3.6/site-packages/flask/app.py", line 1970, in finalize_request
    response = self.process_response(response)
  File "/home/derek/Development/zara_consulting/apps/comececeme/venv/lib/python3.6/site-packages/flask/app.py", line 2269, in process_response
    self.session_interface.save_session(self, ctx.session, response)
  File "/home/derek/Development/zara_consulting/apps/comececeme/venv/lib/python3.6/site-packages/flask/sessions.py", line 378, in save_session
    val = self.get_signing_serializer(app).dumps(dict(session))
  File "/home/derek/Development/zara_consulting/apps/comececeme/venv/lib/python3.6/site-packages/itsdangerous/serializer.py", line 166, in dumps
    payload = want_bytes(self.dump_payload(obj))
  File "/home/derek/Development/zara_consulting/apps/comececeme/venv/lib/python3.6/site-packages/itsdangerous/url_safe.py", line 42, in dump_payload
    json = super(URLSafeSerializerMixin, self).dump_payload(obj)
  File "/home/derek/Development/zara_consulting/apps/comececeme/venv/lib/python3.6/site-packages/itsdangerous/serializer.py", line 133, in dump_payload
    return want_bytes(self.serializer.dumps(obj, **self.serializer_kwargs))
  File "/home/derek/Development/zara_consulting/apps/comececeme/venv/lib/python3.6/site-packages/flask/json/tag.py", line 305, in dumps
    return dumps(self.tag(value), separators=(",", ":"))
  File "/home/derek/Development/zara_consulting/apps/comececeme/venv/lib/python3.6/site-packages/flask/json/__init__.py", line 211, in dumps
    rv = _json.dumps(obj, **kwargs)
  File "/usr/local/lib/python3.6/json/__init__.py", line 238, in dumps
    **kw).encode(obj)
  File "/usr/local/lib/python3.6/json/encoder.py", line 199, in encode
    chunks = self.iterencode(o, _one_shot=True)
  File "/usr/local/lib/python3.6/json/encoder.py", line 257, in iterencode
    return _iterencode(o, 0)
  File "/home/derek/Development/zara_consulting/apps/comececeme/venv/lib/python3.6/site-packages/flask/json/__init__.py", line 100, in default
    return _json.JSONEncoder.default(self, o)
  File "/usr/local/lib/python3.6/json/encoder.py", line 180, in default
    o.__class__.__name__)
TypeError: Object of type 'Pattern' is not JSON serializable
2021-09-01 10:08:56,151 ERROR: Request finalizing failed with an error while handling an error [/home/derek/Development/zara_consulting/apps/comececeme/venv/lib/python3.6/site-packages/flask/app.py:1976]
Traceback (most recent call last):
  File "/home/derek/Development/zara_consulting/apps/comececeme/venv/lib/python3.6/site-packages/flask/app.py", line 2447, in wsgi_app
    response = self.full_dispatch_request()
  File "/home/derek/Development/zara_consulting/apps/comececeme/venv/lib/python3.6/site-packages/flask/app.py", line 1953, in full_dispatch_request
    return self.finalize_request(rv)
  File "/home/derek/Development/zara_consulting/apps/comececeme/venv/lib/python3.6/site-packages/flask/app.py", line 1970, in finalize_request
    response = self.process_response(response)
  File "/home/derek/Development/zara_consulting/apps/comececeme/venv/lib/python3.6/site-packages/flask/app.py", line 2269, in process_response
    self.session_interface.save_session(self, ctx.session, response)
  File "/home/derek/Development/zara_consulting/apps/comececeme/venv/lib/python3.6/site-packages/flask/sessions.py", line 378, in save_session
    val = self.get_signing_serializer(app).dumps(dict(session))
  File "/home/derek/Development/zara_consulting/apps/comececeme/venv/lib/python3.6/site-packages/itsdangerous/serializer.py", line 166, in dumps
    payload = want_bytes(self.dump_payload(obj))
  File "/home/derek/Development/zara_consulting/apps/comececeme/venv/lib/python3.6/site-packages/itsdangerous/url_safe.py", line 42, in dump_payload
    json = super(URLSafeSerializerMixin, self).dump_payload(obj)
  File "/home/derek/Development/zara_consulting/apps/comececeme/venv/lib/python3.6/site-packages/itsdangerous/serializer.py", line 133, in dump_payload
    return want_bytes(self.serializer.dumps(obj, **self.serializer_kwargs))
  File "/home/derek/Development/zara_consulting/apps/comececeme/venv/lib/python3.6/site-packages/flask/json/tag.py", line 305, in dumps
    return dumps(self.tag(value), separators=(",", ":"))
  File "/home/derek/Development/zara_consulting/apps/comececeme/venv/lib/python3.6/site-packages/flask/json/__init__.py", line 211, in dumps
    rv = _json.dumps(obj, **kwargs)
  File "/usr/local/lib/python3.6/json/__init__.py", line 238, in dumps
    **kw).encode(obj)
  File "/usr/local/lib/python3.6/json/encoder.py", line 199, in encode
    chunks = self.iterencode(o, _one_shot=True)
  File "/usr/local/lib/python3.6/json/encoder.py", line 257, in iterencode
    return _iterencode(o, 0)
  File "/home/derek/Development/zara_consulting/apps/comececeme/venv/lib/python3.6/site-packages/flask/json/__init__.py", line 100, in default
    return _json.JSONEncoder.default(self, o)
  File "/usr/local/lib/python3.6/json/encoder.py", line 180, in default
    o.__class__.__name__)
TypeError: Object of type 'Pattern' is not JSON serializable

During handling of the above exception, another exception occurred:

Traceback (most recent call last):
  File "/home/derek/Development/zara_consulting/apps/comececeme/venv/lib/python3.6/site-packages/flask/app.py", line 1970, in finalize_request
    response = self.process_response(response)
  File "/home/derek/Development/zara_consulting/apps/comececeme/venv/lib/python3.6/site-packages/flask/app.py", line 2269, in process_response
    self.session_interface.save_session(self, ctx.session, response)
  File "/home/derek/Development/zara_consulting/apps/comececeme/venv/lib/python3.6/site-packages/flask/sessions.py", line 378, in save_session
    val = self.get_signing_serializer(app).dumps(dict(session))
  File "/home/derek/Development/zara_consulting/apps/comececeme/venv/lib/python3.6/site-packages/itsdangerous/serializer.py", line 166, in dumps
    payload = want_bytes(self.dump_payload(obj))
  File "/home/derek/Development/zara_consulting/apps/comececeme/venv/lib/python3.6/site-packages/itsdangerous/url_safe.py", line 42, in dump_payload
    json = super(URLSafeSerializerMixin, self).dump_payload(obj)
  File "/home/derek/Development/zara_consulting/apps/comececeme/venv/lib/python3.6/site-packages/itsdangerous/serializer.py", line 133, in dump_payload
    return want_bytes(self.serializer.dumps(obj, **self.serializer_kwargs))
  File "/home/derek/Development/zara_consulting/apps/comececeme/venv/lib/python3.6/site-packages/flask/json/tag.py", line 305, in dumps
    return dumps(self.tag(value), separators=(",", ":"))
  File "/home/derek/Development/zara_consulting/apps/comececeme/venv/lib/python3.6/site-packages/flask/json/__init__.py", line 211, in dumps
    rv = _json.dumps(obj, **kwargs)
  File "/usr/local/lib/python3.6/json/__init__.py", line 238, in dumps
    **kw).encode(obj)
  File "/usr/local/lib/python3.6/json/encoder.py", line 199, in encode
    chunks = self.iterencode(o, _one_shot=True)
  File "/usr/local/lib/python3.6/json/encoder.py", line 257, in iterencode
    return _iterencode(o, 0)
  File "/home/derek/Development/zara_consulting/apps/comececeme/venv/lib/python3.6/site-packages/flask/json/__init__.py", line 100, in default
    return _json.JSONEncoder.default(self, o)
  File "/usr/local/lib/python3.6/json/encoder.py", line 180, in default
    o.__class__.__name__)
TypeError: Object of type 'Pattern' is not JSON serializable
2021-09-01 10:09:15,418 INFO: ComeCeCeMe startup [/home/derek/Development/zara_consulting/apps/comececeme/app/__init__.py:117]
2021-09-01 10:10:23,661 INFO: ComeCeCeMe startup [/home/derek/Development/zara_consulting/apps/comececeme/app/__init__.py:117]
2021-09-01 10:11:14,012 INFO: ComeCeCeMe startup [/home/derek/Development/zara_consulting/apps/comececeme/app/__init__.py:117]
2021-09-01 10:11:44,068 INFO: ComeCeCeMe startup [/home/derek/Development/zara_consulting/apps/comececeme/app/__init__.py:117]
2021-09-01 10:12:22,725 INFO: ComeCeCeMe startup [/home/derek/Development/zara_consulting/apps/comececeme/app/__init__.py:117]
2021-09-01 10:15:05,577 INFO: ComeCeCeMe startup [/home/derek/Development/zara_consulting/apps/comececeme/app/__init__.py:117]
2021-09-01 10:16:53,648 INFO: ComeCeCeMe startup [/home/derek/Development/zara_consulting/apps/comececeme/app/__init__.py:117]
2021-09-01 10:17:29,198 INFO: ComeCeCeMe startup [/home/derek/Development/zara_consulting/apps/comececeme/app/__init__.py:117]
2021-09-01 10:18:38,216 INFO: ComeCeCeMe startup [/home/derek/Development/zara_consulting/apps/comececeme/app/__init__.py:117]
