2021-10-18 19:54:41,855 INFO: ComeCeCeMe startup [/home/derek/Development/zara_consulting/apps/comececeme/app/__init__.py:117]
2021-10-18 19:56:11,571 INFO: ComeCeCeMe startup [/home/derek/Development/zara_consulting/apps/comececeme/app/__init__.py:117]
2021-10-19 10:14:54,843 INFO: ComeCeCeMe startup [/home/derek/Development/zara_consulting/apps/comececeme/app/__init__.py:117]
2021-10-19 10:15:07,304 INFO: ComeCeCeMe startup [/home/derek/Development/zara_consulting/apps/comececeme/app/__init__.py:117]
2021-10-19 10:15:46,310 INFO: ComeCeCeMe startup [/home/derek/Development/zara_consulting/apps/comececeme/app/__init__.py:117]
2021-10-19 10:16:16,125 INFO: ComeCeCeMe startup [/home/derek/Development/zara_consulting/apps/comececeme/app/__init__.py:117]
2021-10-20 00:30:31,566 INFO: ComeCeCeMe startup [/home/derek/Development/zara_consulting/apps/comececeme/app/__init__.py:117]
2021-10-20 00:30:40,165 INFO: ComeCeCeMe startup [/home/derek/Development/zara_consulting/apps/comececeme/app/__init__.py:117]
2021-10-20 00:31:44,776 INFO: ComeCeCeMe startup [/home/derek/Development/zara_consulting/apps/comececeme/app/__init__.py:117]
2021-10-20 00:33:57,235 INFO: ComeCeCeMe startup [/home/derek/Development/zara_consulting/apps/comececeme/app/__init__.py:117]
2021-11-06 14:43:44,187 INFO: ComeCeCeMe startup [/home/derek/Development/zara_consulting/apps/comececeme/app/__init__.py:118]
2021-11-06 14:43:50,885 INFO: ComeCeCeMe startup [/home/derek/Development/zara_consulting/apps/comececeme/app/__init__.py:118]
2021-11-06 14:43:54,259 INFO: ComeCeCeMe startup [/home/derek/Development/zara_consulting/apps/comececeme/app/__init__.py:118]
2021-11-06 14:44:08,318 INFO: ComeCeCeMe startup [/home/derek/Development/zara_consulting/apps/comececeme/app/__init__.py:118]
2021-11-06 14:44:21,455 INFO: ComeCeCeMe startup [/home/derek/Development/zara_consulting/apps/comececeme/app/__init__.py:118]
2021-11-06 14:47:55,407 INFO: ComeCeCeMe startup [/home/derek/Development/zara_consulting/apps/comececeme/app/__init__.py:118]
2021-11-06 14:47:59,889 INFO: ComeCeCeMe startup [/home/derek/Development/zara_consulting/apps/comececeme/app/__init__.py:118]
2021-11-06 15:47:06,227 INFO: ComeCeCeMe startup [/home/derek/Development/zara_consulting/apps/comececeme/app/__init__.py:118]
2021-11-08 19:56:36,921 INFO: ComeCeCeMe startup [/home/derek/Development/zara_consulting/apps/comececeme/app/__init__.py:121]
2021-11-08 19:56:40,712 INFO: ComeCeCeMe startup [/home/derek/Development/zara_consulting/apps/comececeme/app/__init__.py:121]
2021-11-08 19:56:55,154 INFO: ComeCeCeMe startup [/home/derek/Development/zara_consulting/apps/comececeme/app/__init__.py:121]
2021-11-08 19:58:15,350 INFO: ComeCeCeMe startup [/home/derek/Development/zara_consulting/apps/comececeme/app/__init__.py:121]
2021-11-08 19:58:19,273 INFO: ComeCeCeMe startup [/home/derek/Development/zara_consulting/apps/comececeme/app/__init__.py:121]
2021-11-08 19:58:32,175 INFO: ComeCeCeMe startup [/home/derek/Development/zara_consulting/apps/comececeme/app/__init__.py:121]
2021-11-08 20:10:23,784 INFO: ComeCeCeMe startup [/home/derek/Development/zara_consulting/apps/comececeme/app/__init__.py:121]
2021-11-08 20:10:37,656 INFO: ComeCeCeMe startup [/home/derek/Development/zara_consulting/apps/comececeme/app/__init__.py:121]
2021-11-08 20:12:05,830 INFO: ComeCeCeMe startup [/home/derek/Development/zara_consulting/apps/comececeme/app/__init__.py:121]
2021-11-08 20:12:13,158 INFO: ComeCeCeMe startup [/home/derek/Development/zara_consulting/apps/comececeme/app/__init__.py:121]
2021-11-08 20:12:16,421 INFO: ComeCeCeMe startup [/home/derek/Development/zara_consulting/apps/comececeme/app/__init__.py:121]
2021-11-08 20:12:22,037 INFO: ComeCeCeMe startup [/home/derek/Development/zara_consulting/apps/comececeme/app/__init__.py:121]
2021-11-08 20:12:35,087 INFO: ComeCeCeMe startup [/home/derek/Development/zara_consulting/apps/comececeme/app/__init__.py:121]
2021-11-08 20:29:31,373 INFO: ComeCeCeMe startup [/home/derek/Development/zara_consulting/apps/comececeme/app/__init__.py:121]
2021-11-08 20:29:33,234 INFO: ComeCeCeMe startup [/home/derek/Development/zara_consulting/apps/comececeme/app/__init__.py:121]
2021-11-08 20:29:47,487 INFO: ComeCeCeMe startup [/home/derek/Development/zara_consulting/apps/comececeme/app/__init__.py:121]
2021-11-08 20:32:30,916 INFO: ComeCeCeMe startup [/home/derek/Development/zara_consulting/apps/comececeme/app/__init__.py:121]
2021-11-08 20:32:44,310 INFO: ComeCeCeMe startup [/home/derek/Development/zara_consulting/apps/comececeme/app/__init__.py:121]
2021-11-10 06:32:09,603 INFO: ComeCeCeMe startup [/home/derek/Development/zara_consulting/apps/comececeme/app/__init__.py:121]
2021-11-13 14:42:19,335 INFO: ComeCeCeMe startup [/home/derek/Development/zara_consulting/apps/comececeme/app/__init__.py:121]
2021-11-13 14:42:33,139 INFO: ComeCeCeMe startup [/home/derek/Development/zara_consulting/apps/comececeme/app/__init__.py:121]
2021-11-13 17:09:20,340 INFO: ComeCeCeMe startup [/home/derek/Development/zara_consulting/apps/comececeme/app/__init__.py:121]
2021-11-13 17:10:29,306 INFO: ComeCeCeMe startup [/home/derek/Development/zara_consulting/apps/comececeme/app/__init__.py:121]
2021-11-13 17:12:47,197 INFO: ComeCeCeMe startup [/home/derek/Development/zara_consulting/apps/comececeme/app/__init__.py:121]
2021-11-13 17:17:21,951 INFO: ComeCeCeMe startup [/home/derek/Development/zara_consulting/apps/comececeme/app/__init__.py:121]
2021-11-13 17:19:37,745 INFO: ComeCeCeMe startup [/home/derek/Development/zara_consulting/apps/comececeme/app/__init__.py:121]
2021-11-21 11:22:32,069 INFO: ComeCeCeMe startup [/home/derek/Development/zara_consulting/apps/comececeme/app/__init__.py:121]
2021-11-21 11:22:44,864 ERROR: Exception on / [GET] [/home/derek/Development/zara_consulting/apps/comececeme/venv/lib/python3.9/site-packages/flask/app.py:1457]
Traceback (most recent call last):
  File "/home/derek/Development/zara_consulting/apps/comececeme/venv/lib/python3.9/site-packages/flask/app.py", line 2073, in wsgi_app
    response = self.full_dispatch_request()
  File "/home/derek/Development/zara_consulting/apps/comececeme/venv/lib/python3.9/site-packages/flask/app.py", line 1518, in full_dispatch_request
    rv = self.handle_user_exception(e)
  File "/home/derek/Development/zara_consulting/apps/comececeme/venv/lib/python3.9/site-packages/flask/app.py", line 1516, in full_dispatch_request
    rv = self.dispatch_request()
  File "/home/derek/Development/zara_consulting/apps/comececeme/venv/lib/python3.9/site-packages/flask/app.py", line 1502, in dispatch_request
    return self.ensure_sync(self.view_functions[rule.endpoint])(**req.view_args)
  File "/home/derek/Development/zara_consulting/apps/comececeme/app/blueprints/main/routes.py", line 22, in index
    display_products.append({'name': i.pattern, 'display_name': Pattern.query.filter_by(name=i.pattern).first().display_name, 'price': i.price})
AttributeError: 'NoneType' object has no attribute 'display_name'
2021-11-21 11:22:46,638 ERROR: Exception on /favicon.ico [GET] [/home/derek/Development/zara_consulting/apps/comececeme/venv/lib/python3.9/site-packages/flask/app.py:1457]
Traceback (most recent call last):
  File "/home/derek/Development/zara_consulting/apps/comececeme/venv/lib/python3.9/site-packages/flask/app.py", line 1516, in full_dispatch_request
    rv = self.dispatch_request()
  File "/home/derek/Development/zara_consulting/apps/comececeme/venv/lib/python3.9/site-packages/flask/app.py", line 1492, in dispatch_request
    self.raise_routing_exception(req)
  File "/home/derek/Development/zara_consulting/apps/comececeme/venv/lib/python3.9/site-packages/flask/app.py", line 1474, in raise_routing_exception
    raise request.routing_exception  # type: ignore
  File "/home/derek/Development/zara_consulting/apps/comececeme/venv/lib/python3.9/site-packages/flask/ctx.py", line 367, in match_request
    result = self.url_adapter.match(return_rule=True)  # type: ignore
  File "/home/derek/Development/zara_consulting/apps/comececeme/venv/lib/python3.9/site-packages/werkzeug/routing.py", line 2041, in match
    raise NotFound()
werkzeug.exceptions.NotFound: 404 Not Found: The requested URL was not found on the server. If you entered the URL manually please check your spelling and try again.

During handling of the above exception, another exception occurred:

Traceback (most recent call last):
  File "/home/derek/Development/zara_consulting/apps/comececeme/venv/lib/python3.9/site-packages/flask/app.py", line 2073, in wsgi_app
    response = self.full_dispatch_request()
  File "/home/derek/Development/zara_consulting/apps/comececeme/venv/lib/python3.9/site-packages/flask/app.py", line 1518, in full_dispatch_request
    rv = self.handle_user_exception(e)
  File "/home/derek/Development/zara_consulting/apps/comececeme/venv/lib/python3.9/site-packages/flask/app.py", line 1386, in handle_user_exception
    return self.handle_http_exception(e)
  File "/home/derek/Development/zara_consulting/apps/comececeme/venv/lib/python3.9/site-packages/flask/app.py", line 1326, in handle_http_exception
    return self.ensure_sync(handler)(e)
  File "/home/derek/Development/zara_consulting/apps/comececeme/app/blueprints/errors/handlers.py", line 6, in not_found_error
    return render_template('errors/404.html'), 404
  File "/home/derek/Development/zara_consulting/apps/comececeme/venv/lib/python3.9/site-packages/flask/templating.py", line 146, in render_template
    ctx.app.update_template_context(context)
  File "/home/derek/Development/zara_consulting/apps/comececeme/venv/lib/python3.9/site-packages/flask/app.py", line 756, in update_template_context
    context.update(func())
  File "/home/derek/Development/zara_consulting/apps/comececeme/app/routes.py", line 18, in get_all_products
    display_products.append({'name': i.pattern, 'display_name': Pattern.query.filter_by(name=i.pattern).first().display_name, 'price': i.price})
AttributeError: 'NoneType' object has no attribute 'display_name'
2021-11-22 05:13:34,059 INFO: ComeCeCeMe startup [/home/derek/Development/zara_consulting/apps/comececeme/app/__init__.py:121]
